<?xml version="1.0" encoding="UTF-8"?>
<!-- Generated by org.testng.reporters.JUnitReportReporter -->
<testsuite skipped="0" hostname="LAPTOP-AFJGE02E" name="script.ValidLogin" tests="1" failures="0" timestamp="02 Jan 2018 11:06:31 GMT" time="5.200" errors="0">
  <testcase name="testValidLogin" time="5.200" classname="script.ValidLogin"/>
</testsuite> <!-- script.ValidLogin -->
