<?xml version="1.0" encoding="UTF-8"?>
<!-- Generated by org.testng.reporters.JUnitReportReporter -->
<testsuite skipped="0" hostname="LAPTOP-AFJGE02E" name="script.invalidLogin_MultipleData" tests="1" failures="0" timestamp="02 Jan 2018 11:06:31 GMT" time="5.756" errors="0">
  <testcase name="testInvalidLogin" time="5.756" classname="script.invalidLogin_MultipleData"/>
</testsuite> <!-- script.invalidLogin_MultipleData -->
